mode: atomic
github.com/calvinlauco/cosmostxdecoder/decoder.go:17.107,21.2 2 1
github.com/calvinlauco/cosmostxdecoder/decoder.go:24.67,26.16 2 3
github.com/calvinlauco/cosmostxdecoder/decoder.go:30.2,30.32 1 2
github.com/calvinlauco/cosmostxdecoder/decoder.go:26.16,28.3 1 1
github.com/calvinlauco/cosmostxdecoder/decoder.go:34.60,38.16 3 4
github.com/calvinlauco/cosmostxdecoder/decoder.go:42.2,45.8 1 3
github.com/calvinlauco/cosmostxdecoder/decoder.go:38.16,40.3 1 1
github.com/calvinlauco/cosmostxdecoder/decoder.go:49.28,55.2 2 3
github.com/calvinlauco/cosmostxdecoder/tx.go:15.47,17.2 1 3
github.com/calvinlauco/cosmostxdecoder/types.go:18.75,31.2 11 1
